2024-10-11 14:20:03.520 -05:00 [INF] Starting up...
2024-10-11 14:20:06.914 -05:00 [INF] Executed DbCommand (201ms) [Parameters=[], CommandType='"Text"', CommandTimeout='30']
SELECT 1 FROM INFORMATION_SCHEMA.TABLES WHERE TABLE_SCHEMA='P1' AND TABLE_NAME='__EFMigrationsHistory';
2024-10-11 14:20:06.928 -05:00 [INF] Executed DbCommand (1ms) [Parameters=[], CommandType='"Text"', CommandTimeout='30']
SELECT 1 FROM INFORMATION_SCHEMA.TABLES WHERE TABLE_SCHEMA='P1' AND TABLE_NAME='__EFMigrationsHistory';
2024-10-11 14:20:06.945 -05:00 [INF] Executed DbCommand (3ms) [Parameters=[], CommandType='"Text"', CommandTimeout='30']
SELECT `MigrationId`, `ProductVersion`
FROM `__EFMigrationsHistory`
ORDER BY `MigrationId`;
2024-10-11 14:20:06.980 -05:00 [INF] No migrations were applied. The database is already up to date.
2024-10-11 14:20:07.128 -05:00 [INF] User profile is available. Using 'C:\Users\megaf\AppData\Local\ASP.NET\DataProtection-Keys' as key repository and Windows DPAPI to encrypt keys at rest.
2024-10-11 14:20:07.273 -05:00 [INF] Now listening on: http://localhost:5252
2024-10-11 14:20:07.276 -05:00 [INF] Application started. Press Ctrl+C to shut down.
2024-10-11 14:20:07.277 -05:00 [INF] Hosting environment: Development
2024-10-11 14:20:07.277 -05:00 [INF] Content root path: F:\GameDev Projects\P1OC\P1 Discord Bot\Back End\CSBotBackend\P1-Api
2024-10-11 14:20:07.796 -05:00 [INF] Request starting HTTP/1.1 GET http://localhost:5252/index.html - null null
2024-10-11 14:20:07.828 -05:00 [WRN] Failed to determine the https port for redirect.
2024-10-11 14:20:07.928 -05:00 [INF] Request finished HTTP/1.1 GET http://localhost:5252/index.html - 200 null text/html;charset=utf-8 134.9679ms
2024-10-11 14:20:08.027 -05:00 [INF] Request starting HTTP/1.1 GET http://localhost:5252/index.js - null null
2024-10-11 14:20:08.030 -05:00 [INF] Request finished HTTP/1.1 GET http://localhost:5252/index.js - 200 null application/javascript;charset=utf-8 3.0036ms
2024-10-11 14:20:08.162 -05:00 [INF] Request starting HTTP/1.1 GET http://localhost:5252/swagger/v1/swagger.json - null null
2024-10-11 14:20:08.291 -05:00 [INF] Request finished HTTP/1.1 GET http://localhost:5252/swagger/v1/swagger.json - 200 null application/json;charset=utf-8 128.6754ms
2024-10-11 14:28:17.453 -05:00 [INF] Starting up...
2024-10-11 14:28:18.482 -05:00 [INF] Executed DbCommand (8ms) [Parameters=[], CommandType='"Text"', CommandTimeout='30']
SELECT 1 FROM INFORMATION_SCHEMA.TABLES WHERE TABLE_SCHEMA='P1' AND TABLE_NAME='__EFMigrationsHistory';
2024-10-11 14:28:18.514 -05:00 [INF] Executed DbCommand (1ms) [Parameters=[], CommandType='"Text"', CommandTimeout='30']
SELECT 1 FROM INFORMATION_SCHEMA.TABLES WHERE TABLE_SCHEMA='P1' AND TABLE_NAME='__EFMigrationsHistory';
2024-10-11 14:28:18.526 -05:00 [INF] Executed DbCommand (1ms) [Parameters=[], CommandType='"Text"', CommandTimeout='30']
SELECT `MigrationId`, `ProductVersion`
FROM `__EFMigrationsHistory`
ORDER BY `MigrationId`;
2024-10-11 14:28:18.537 -05:00 [INF] No migrations were applied. The database is already up to date.
2024-10-11 14:28:18.630 -05:00 [INF] User profile is available. Using 'C:\Users\megaf\AppData\Local\ASP.NET\DataProtection-Keys' as key repository and Windows DPAPI to encrypt keys at rest.
2024-10-11 14:28:18.674 -05:00 [INF] Now listening on: http://localhost:5252
2024-10-11 14:28:18.677 -05:00 [INF] Application started. Press Ctrl+C to shut down.
2024-10-11 14:28:18.677 -05:00 [INF] Hosting environment: Development
2024-10-11 14:28:18.677 -05:00 [INF] Content root path: F:\GameDev Projects\P1OC\P1 Discord Bot\Back End\CSBotBackend\P1-Api
2024-10-11 14:28:18.857 -05:00 [INF] Request starting HTTP/1.1 GET http://localhost:5252/index.html - null null
2024-10-11 14:28:18.885 -05:00 [WRN] Failed to determine the https port for redirect.
2024-10-11 14:28:18.955 -05:00 [INF] Request finished HTTP/1.1 GET http://localhost:5252/index.html - 200 null text/html;charset=utf-8 100.1888ms
2024-10-11 14:28:18.973 -05:00 [INF] Request starting HTTP/1.1 GET http://localhost:5252/index.js - null null
2024-10-11 14:28:18.976 -05:00 [INF] Request finished HTTP/1.1 GET http://localhost:5252/index.js - 200 null application/javascript;charset=utf-8 2.9596ms
2024-10-11 14:28:19.141 -05:00 [INF] Request starting HTTP/1.1 GET http://localhost:5252/swagger/v1/swagger.json - null null
2024-10-11 14:28:19.281 -05:00 [INF] Request finished HTTP/1.1 GET http://localhost:5252/swagger/v1/swagger.json - 200 null application/json;charset=utf-8 140.6951ms
