2024-10-05 13:17:49.933 -05:00 [INF] Starting up...
2024-10-05 13:17:53.306 -05:00 [INF] Executed DbCommand (250ms) [Parameters=[], CommandType='"Text"', CommandTimeout='30']
SELECT 1 FROM INFORMATION_SCHEMA.TABLES WHERE TABLE_SCHEMA='P1' AND TABLE_NAME='__EFMigrationsHistory';
2024-10-05 13:17:53.319 -05:00 [INF] Executed DbCommand (1ms) [Parameters=[], CommandType='"Text"', CommandTimeout='30']
SELECT 1 FROM INFORMATION_SCHEMA.TABLES WHERE TABLE_SCHEMA='P1' AND TABLE_NAME='__EFMigrationsHistory';
2024-10-05 13:17:53.379 -05:00 [INF] Executed DbCommand (44ms) [Parameters=[], CommandType='"Text"', CommandTimeout='30']
SELECT `MigrationId`, `ProductVersion`
FROM `__EFMigrationsHistory`
ORDER BY `MigrationId`;
2024-10-05 13:17:53.454 -05:00 [INF] No migrations were applied. The database is already up to date.
2024-10-05 13:17:53.647 -05:00 [INF] User profile is available. Using 'C:\Users\megaf\AppData\Local\ASP.NET\DataProtection-Keys' as key repository and Windows DPAPI to encrypt keys at rest.
2024-10-05 13:17:53.738 -05:00 [INF] Now listening on: http://localhost:5252
2024-10-05 13:17:53.740 -05:00 [INF] Application started. Press Ctrl+C to shut down.
2024-10-05 13:17:53.740 -05:00 [INF] Hosting environment: Development
2024-10-05 13:17:53.741 -05:00 [INF] Content root path: F:\GameDev Projects\P1OC\P1 Discord Bot\Back End\CSBotBackend\P1-Api
2024-10-05 13:17:53.951 -05:00 [INF] Request starting HTTP/1.1 GET http://localhost:5252/ - null null
2024-10-05 13:17:53.981 -05:00 [WRN] Failed to determine the https port for redirect.
2024-10-05 13:17:54.006 -05:00 [INF] Request finished HTTP/1.1 GET http://localhost:5252/ - 301 0 null 56.3705ms
2024-10-05 13:17:54.010 -05:00 [INF] Request starting HTTP/1.1 GET http://localhost:5252/index.html - null null
2024-10-05 13:17:54.062 -05:00 [INF] Request finished HTTP/1.1 GET http://localhost:5252/index.html - 200 null text/html;charset=utf-8 51.9523ms
2024-10-05 13:17:54.083 -05:00 [INF] Request starting HTTP/1.1 GET http://localhost:5252/swagger-ui.css - null null
2024-10-05 13:17:54.089 -05:00 [INF] Request starting HTTP/1.1 GET http://localhost:5252/index.css - null null
2024-10-05 13:17:54.091 -05:00 [INF] Request starting HTTP/1.1 GET http://localhost:5252/swagger-ui-bundle.js - null null
2024-10-05 13:17:54.094 -05:00 [INF] Request starting HTTP/1.1 GET http://localhost:5252/swagger-ui-standalone-preset.js - null null
2024-10-05 13:17:54.095 -05:00 [INF] Request starting HTTP/1.1 GET http://localhost:5252/index.js - null null
2024-10-05 13:17:54.095 -05:00 [INF] Sending file. Request path: '/index.css'. Physical path: 'N/A'
2024-10-05 13:17:54.095 -05:00 [INF] Request finished HTTP/1.1 GET http://localhost:5252/index.css - 200 202 text/css 6.6788ms
2024-10-05 13:17:54.096 -05:00 [INF] Request finished HTTP/1.1 GET http://localhost:5252/index.js - 200 null application/javascript;charset=utf-8 0.6943ms
2024-10-05 13:17:54.129 -05:00 [INF] Sending file. Request path: '/swagger-ui.css'. Physical path: 'N/A'
2024-10-05 13:17:54.132 -05:00 [INF] Request finished HTTP/1.1 GET http://localhost:5252/swagger-ui.css - 200 152034 text/css 49.0976ms
2024-10-05 13:17:54.152 -05:00 [INF] Sending file. Request path: '/swagger-ui-standalone-preset.js'. Physical path: 'N/A'
2024-10-05 13:17:54.153 -05:00 [INF] Request finished HTTP/1.1 GET http://localhost:5252/swagger-ui-standalone-preset.js - 200 230293 text/javascript 61.2164ms
2024-10-05 13:17:54.177 -05:00 [INF] Sending file. Request path: '/swagger-ui-bundle.js'. Physical path: 'N/A'
2024-10-05 13:17:54.178 -05:00 [INF] Request finished HTTP/1.1 GET http://localhost:5252/swagger-ui-bundle.js - 200 1452753 text/javascript 86.111ms
2024-10-05 13:17:54.404 -05:00 [INF] Request starting HTTP/1.1 GET http://localhost:5252/swagger/v1/swagger.json - null null
2024-10-05 13:17:54.427 -05:00 [INF] Request starting HTTP/1.1 GET http://localhost:5252/favicon-32x32.png - null null
2024-10-05 13:17:54.429 -05:00 [INF] Sending file. Request path: '/favicon-32x32.png'. Physical path: 'N/A'
2024-10-05 13:17:54.429 -05:00 [INF] Request finished HTTP/1.1 GET http://localhost:5252/favicon-32x32.png - 200 628 image/png 1.8287ms
2024-10-05 13:17:54.555 -05:00 [INF] Request finished HTTP/1.1 GET http://localhost:5252/swagger/v1/swagger.json - 200 null application/json;charset=utf-8 151.0988ms
2024-10-05 13:20:40.485 -05:00 [INF] Starting up...
2024-10-05 13:20:41.483 -05:00 [INF] Executed DbCommand (7ms) [Parameters=[], CommandType='"Text"', CommandTimeout='30']
SELECT 1 FROM INFORMATION_SCHEMA.TABLES WHERE TABLE_SCHEMA='P1' AND TABLE_NAME='__EFMigrationsHistory';
2024-10-05 13:20:41.496 -05:00 [INF] Executed DbCommand (1ms) [Parameters=[], CommandType='"Text"', CommandTimeout='30']
SELECT 1 FROM INFORMATION_SCHEMA.TABLES WHERE TABLE_SCHEMA='P1' AND TABLE_NAME='__EFMigrationsHistory';
2024-10-05 13:20:41.508 -05:00 [INF] Executed DbCommand (1ms) [Parameters=[], CommandType='"Text"', CommandTimeout='30']
SELECT `MigrationId`, `ProductVersion`
FROM `__EFMigrationsHistory`
ORDER BY `MigrationId`;
2024-10-05 13:20:41.520 -05:00 [INF] No migrations were applied. The database is already up to date.
2024-10-05 13:20:41.615 -05:00 [INF] User profile is available. Using 'C:\Users\megaf\AppData\Local\ASP.NET\DataProtection-Keys' as key repository and Windows DPAPI to encrypt keys at rest.
2024-10-05 13:20:41.659 -05:00 [INF] Now listening on: http://localhost:5252
2024-10-05 13:20:41.662 -05:00 [INF] Application started. Press Ctrl+C to shut down.
2024-10-05 13:20:41.662 -05:00 [INF] Hosting environment: Development
2024-10-05 13:20:41.662 -05:00 [INF] Content root path: F:\GameDev Projects\P1OC\P1 Discord Bot\Back End\CSBotBackend\P1-Api
2024-10-05 13:20:41.839 -05:00 [INF] Request starting HTTP/1.1 GET http://localhost:5252/index.html - null null
2024-10-05 13:20:41.860 -05:00 [WRN] Failed to determine the https port for redirect.
2024-10-05 13:20:41.930 -05:00 [INF] Request finished HTTP/1.1 GET http://localhost:5252/index.html - 200 null text/html;charset=utf-8 92.036ms
2024-10-05 13:20:41.954 -05:00 [INF] Request starting HTTP/1.1 GET http://localhost:5252/index.js - null null
2024-10-05 13:20:41.958 -05:00 [INF] Request finished HTTP/1.1 GET http://localhost:5252/index.js - 200 null application/javascript;charset=utf-8 3.5026ms
2024-10-05 13:20:42.248 -05:00 [INF] Request starting HTTP/1.1 GET http://localhost:5252/swagger/v1/swagger.json - null null
2024-10-05 13:20:42.366 -05:00 [INF] Request finished HTTP/1.1 GET http://localhost:5252/swagger/v1/swagger.json - 200 null application/json;charset=utf-8 117.6886ms
2024-10-05 13:53:11.980 -05:00 [INF] Starting up...
2024-10-05 13:53:12.988 -05:00 [INF] Executed DbCommand (24ms) [Parameters=[], CommandType='"Text"', CommandTimeout='30']
SELECT 1 FROM INFORMATION_SCHEMA.TABLES WHERE TABLE_SCHEMA='P1' AND TABLE_NAME='__EFMigrationsHistory';
2024-10-05 13:53:13.001 -05:00 [INF] Executed DbCommand (1ms) [Parameters=[], CommandType='"Text"', CommandTimeout='30']
SELECT 1 FROM INFORMATION_SCHEMA.TABLES WHERE TABLE_SCHEMA='P1' AND TABLE_NAME='__EFMigrationsHistory';
2024-10-05 13:53:13.014 -05:00 [INF] Executed DbCommand (1ms) [Parameters=[], CommandType='"Text"', CommandTimeout='30']
SELECT `MigrationId`, `ProductVersion`
FROM `__EFMigrationsHistory`
ORDER BY `MigrationId`;
2024-10-05 13:53:13.025 -05:00 [INF] No migrations were applied. The database is already up to date.
2024-10-05 13:53:13.107 -05:00 [INF] User profile is available. Using 'C:\Users\megaf\AppData\Local\ASP.NET\DataProtection-Keys' as key repository and Windows DPAPI to encrypt keys at rest.
2024-10-05 13:53:13.151 -05:00 [INF] Now listening on: http://localhost:5252
2024-10-05 13:53:13.153 -05:00 [INF] Application started. Press Ctrl+C to shut down.
2024-10-05 13:53:13.154 -05:00 [INF] Hosting environment: Development
2024-10-05 13:53:13.154 -05:00 [INF] Content root path: F:\GameDev Projects\P1OC\P1 Discord Bot\Back End\CSBotBackend\P1-Api
2024-10-05 13:53:13.357 -05:00 [INF] Request starting HTTP/1.1 GET http://localhost:5252/index.html - null null
2024-10-05 13:53:13.373 -05:00 [WRN] Failed to determine the https port for redirect.
2024-10-05 13:53:13.439 -05:00 [INF] Request finished HTTP/1.1 GET http://localhost:5252/index.html - 200 null text/html;charset=utf-8 83.5109ms
2024-10-05 13:53:13.461 -05:00 [INF] Request starting HTTP/1.1 GET http://localhost:5252/index.js - null null
2024-10-05 13:53:13.464 -05:00 [INF] Request finished HTTP/1.1 GET http://localhost:5252/index.js - 200 null application/javascript;charset=utf-8 3.2901ms
2024-10-05 13:53:13.633 -05:00 [INF] Request starting HTTP/1.1 GET http://localhost:5252/swagger/v1/swagger.json - null null
2024-10-05 13:53:13.750 -05:00 [INF] Request finished HTTP/1.1 GET http://localhost:5252/swagger/v1/swagger.json - 200 null application/json;charset=utf-8 117.6737ms
2024-10-05 14:29:45.249 -05:00 [INF] Starting up...
2024-10-05 14:29:46.405 -05:00 [INF] Executed DbCommand (9ms) [Parameters=[], CommandType='"Text"', CommandTimeout='30']
SELECT 1 FROM INFORMATION_SCHEMA.TABLES WHERE TABLE_SCHEMA='P1' AND TABLE_NAME='__EFMigrationsHistory';
2024-10-05 14:29:46.422 -05:00 [INF] Executed DbCommand (1ms) [Parameters=[], CommandType='"Text"', CommandTimeout='30']
SELECT 1 FROM INFORMATION_SCHEMA.TABLES WHERE TABLE_SCHEMA='P1' AND TABLE_NAME='__EFMigrationsHistory';
2024-10-05 14:29:46.436 -05:00 [INF] Executed DbCommand (1ms) [Parameters=[], CommandType='"Text"', CommandTimeout='30']
SELECT `MigrationId`, `ProductVersion`
FROM `__EFMigrationsHistory`
ORDER BY `MigrationId`;
2024-10-05 14:29:46.449 -05:00 [INF] No migrations were applied. The database is already up to date.
2024-10-05 14:29:46.559 -05:00 [INF] User profile is available. Using 'C:\Users\megaf\AppData\Local\ASP.NET\DataProtection-Keys' as key repository and Windows DPAPI to encrypt keys at rest.
2024-10-05 14:29:46.608 -05:00 [INF] Now listening on: http://localhost:5252
2024-10-05 14:29:46.611 -05:00 [INF] Application started. Press Ctrl+C to shut down.
2024-10-05 14:29:46.612 -05:00 [INF] Hosting environment: Development
2024-10-05 14:29:46.612 -05:00 [INF] Content root path: F:\GameDev Projects\P1OC\P1 Discord Bot\Back End\CSBotBackend\P1-Api
2024-10-05 14:29:46.863 -05:00 [INF] Request starting HTTP/1.1 GET http://localhost:5252/index.html - null null
2024-10-05 14:29:46.901 -05:00 [WRN] Failed to determine the https port for redirect.
2024-10-05 14:29:46.999 -05:00 [INF] Request finished HTTP/1.1 GET http://localhost:5252/index.html - 200 null text/html;charset=utf-8 138.0692ms
2024-10-05 14:29:47.018 -05:00 [INF] Request starting HTTP/1.1 GET http://localhost:5252/index.js - null null
2024-10-05 14:29:47.021 -05:00 [INF] Request finished HTTP/1.1 GET http://localhost:5252/index.js - 200 null application/javascript;charset=utf-8 2.9269ms
2024-10-05 14:29:47.196 -05:00 [INF] Request starting HTTP/1.1 GET http://localhost:5252/swagger/v1/swagger.json - null null
2024-10-05 14:29:47.319 -05:00 [INF] Request finished HTTP/1.1 GET http://localhost:5252/swagger/v1/swagger.json - 200 null application/json;charset=utf-8 122.5835ms
